2017/8/16 9:53:48 摄像机登录失败
7
2017/8/16 9:53:52 摄像机登录失败
7
2017-08-16 09:53:52 摄像机已检测断开，正在重连
2017/8/16 9:53:58 摄像机登录失败
7
2017-08-16 09:53:58 摄像机已检测断开，正在重连
2017/8/16 9:54:04 摄像机登录失败
7
2017-08-16 09:54:04 摄像机已检测断开，正在重连
2017/8/16 9:54:10 摄像机登录失败
7
2017-08-16 09:54:10 摄像机已检测断开，正在重连
2017/8/16 9:54:16 摄像机登录失败
7
2017-08-16 09:54:16 摄像机已检测断开，正在重连
2017/8/16 9:54:16 172.18.212.1:5004异常
System.IO.IOException: 无法从传输连接中读取数据: 您的主机中的软件中止了一个已建立的连接。。 ---> System.Net.Sockets.SocketException: 您的主机中的软件中止了一个已建立的连接。
   在 System.Net.Sockets.Socket.BeginReceive(Byte[] buffer, Int32 offset, Int32 size, SocketFlags socketFlags, AsyncCallback callback, Object state)
   在 System.Net.Sockets.NetworkStream.BeginRead(Byte[] buffer, Int32 offset, Int32 size, AsyncCallback callback, Object state)
   --- 内部异常堆栈跟踪的结尾 ---
   在 System.Net.Sockets.NetworkStream.BeginRead(Byte[] buffer, Int32 offset, Int32 size, AsyncCallback callback, Object state)
   在 ETCF.SocketHelper.TcpClients.EndReader(IAsyncResult ir) 位置 E:\Program\ETCG武汉\修正（心跳）\ETCGDemo\Demo\SocketHelper.cs:行号 545
2017/8/16 9:54:19 异常
System.Exception: 客户端无连接..
2017/8/16 9:54:22 摄像机登录失败
7
2017-08-16 09:54:22 摄像机已检测断开，正在重连
2017/8/16 9:54:22 异常
System.Exception: 客户端无连接..
2017/8/16 9:54:25 异常
System.Exception: 客户端无连接..
2017/8/16 9:54:28 摄像机登录失败
7
2017-08-16 09:54:28 摄像机已检测断开，正在重连
2017/8/16 9:54:28 异常
System.Exception: 客户端无连接..
2017/8/16 9:54:29 系统异常
System.UnhandledExceptionEventArgs
2017/8/16 9:54:33 异常
System.Exception: 客户端无连接..
2017/8/16 9:54:40 异常
System.Exception: 客户端无连接..
2017/8/16 9:54:40 异常
System.Exception: 客户端无连接..
2017/8/16 9:55:32 系统异常
System.UnhandledExceptionEventArgs
2017/8/16 9:56:14 摄像机登录失败
7
2017/8/16 9:56:14 系统异常
System.UnhandledExceptionEventArgs
2017/8/16 9:56:50 系统异常
System.UnhandledExceptionEventArgs
2017/8/16 9:57:27 系统异常
System.UnhandledExceptionEventArgs
2017/8/16 9:57:31 摄像机登录失败
7
2017/8/16 9:57:38 摄像机登录失败
7
2017-08-16 09:57:38 摄像机已检测断开，正在重连
2017/8/16 9:58:11 系统异常
System.UnhandledExceptionEventArgs
2017/8/16 9:58:15 摄像机登录失败
7
2017/8/16 9:58:57 摄像机登录失败
7
2017/8/16 9:59:00 摄像机登录失败
7
2017-08-16 09:59:00 摄像机已检测断开，正在重连
2017/8/16 10:00:00 摄像机登录失败
7
2017/8/16 10:00:04 摄像机登录失败
7
2017-08-16 10:00:04 摄像机已检测断开，正在重连
2017/8/16 10:00:10 摄像机登录失败
7
2017-08-16 10:00:10 摄像机已检测断开，正在重连
2017/8/16 10:00:16 摄像机登录失败
7
2017-08-16 10:00:16 摄像机已检测断开，正在重连
2017/8/16 10:00:22 摄像机登录失败
7
2017-08-16 10:00:22 摄像机已检测断开，正在重连
2017/8/16 10:00:28 摄像机登录失败
7
2017-08-16 10:00:28 摄像机已检测断开，正在重连
2017/8/16 10:00:34 摄像机登录失败
7
2017-08-16 10:00:34 摄像机已检测断开，正在重连
2017/8/16 10:00:40 摄像机登录失败
7
2017-08-16 10:00:40 摄像机已检测断开，正在重连
2017/8/16 10:00:46 摄像机登录失败
7
2017-08-16 10:00:46 摄像机已检测断开，正在重连
2017/8/16 10:00:52 摄像机登录失败
7
2017-08-16 10:00:52 摄像机已检测断开，正在重连
2017/8/16 10:00:58 摄像机登录失败
7
2017-08-16 10:00:58 摄像机已检测断开，正在重连
2017/8/16 10:01:04 摄像机登录失败
7
2017-08-16 10:01:04 摄像机已检测断开，正在重连
2017/8/16 11:20:04 摄像机登录失败
7
2017/8/16 11:20:07 摄像机登录失败
7
2017-08-16 11:20:07 摄像机已检测断开，正在重连
2017/8/16 11:20:13 摄像机登录失败
7
2017-08-16 11:20:13 摄像机已检测断开，正在重连
2017/8/16 11:20:19 摄像机登录失败
7
2017-08-16 11:20:19 摄像机已检测断开，正在重连
2017-08-16 11:20:19 天线控制器已检测断开，正在重连
2017-08-16 11:20:19 激光控制器已检测断开，正在重连
2017/8/16 11:20:25 摄像机登录失败
7
2017-08-16 11:20:25 摄像机已检测断开，正在重连
2017/8/16 11:20:28 172.18.212.1:5004异常
System.IO.IOException: 无法从传输连接中读取数据: 您的主机中的软件中止了一个已建立的连接。。 ---> System.Net.Sockets.SocketException: 您的主机中的软件中止了一个已建立的连接。
   在 System.Net.Sockets.Socket.BeginReceive(Byte[] buffer, Int32 offset, Int32 size, SocketFlags socketFlags, AsyncCallback callback, Object state)
   在 System.Net.Sockets.NetworkStream.BeginRead(Byte[] buffer, Int32 offset, Int32 size, AsyncCallback callback, Object state)
   --- 内部异常堆栈跟踪的结尾 ---
   在 System.Net.Sockets.NetworkStream.BeginRead(Byte[] buffer, Int32 offset, Int32 size, AsyncCallback callback, Object state)
   在 ETCF.SocketHelper.TcpClients.EndReader(IAsyncResult ir) 位置 E:\Program\ETCG武汉\修正（心跳）\ETCGDemo\Demo\SocketHelper.cs:行号 545
2017/8/16 11:20:31 异常
System.Exception: 客户端无连接..
2017/8/16 11:20:31 摄像机登录失败
7
2017-08-16 11:20:31 摄像机已检测断开，正在重连
2017/8/16 11:20:34 异常
System.Exception: 客户端无连接..
2017/8/16 11:20:34 异常
System.Exception: 客户端没有初始化.!
2017/8/16 11:20:37 异常
System.Exception: 客户端无连接..
2017/8/16 11:20:37 异常
System.NullReferenceException: 未将对象引用设置到对象的实例。
   在 ETCF.SocketHelper.TcpClients.SendByteData(Byte[] SendByteData, Int32 Slen) 位置 E:\Program\ETCG武汉\修正（心跳）\ETCGDemo\Demo\SocketHelper.cs:行号 491
2017/8/16 11:20:37 摄像机登录失败
7
2017-08-16 11:20:37 摄像机已检测断开，正在重连
2017/8/16 11:20:38 系统异常
System.UnhandledExceptionEventArgs
2017/8/16 11:20:42 异常
System.Exception: 客户端无连接..
2017/8/16 11:20:42 异常
System.NullReferenceException: 未将对象引用设置到对象的实例。
   在 ETCF.SocketHelper.TcpClients.SendByteData(Byte[] SendByteData, Int32 Slen) 位置 E:\Program\ETCG武汉\修正（心跳）\ETCGDemo\Demo\SocketHelper.cs:行号 491
2017/8/16 11:20:48 异常
System.Exception: 客户端无连接..
2017/8/16 11:20:48 异常
System.NullReferenceException: 未将对象引用设置到对象的实例。
   在 ETCF.SocketHelper.TcpClients.SendByteData(Byte[] SendByteData, Int32 Slen) 位置 E:\Program\ETCG武汉\修正（心跳）\ETCGDemo\Demo\SocketHelper.cs:行号 491
2017/8/16 11:20:49 异常
System.Exception: 客户端无连接..
2017/8/16 11:20:49 异常
System.NullReferenceException: 未将对象引用设置到对象的实例。
   在 ETCF.SocketHelper.TcpClients.SendByteData(Byte[] SendByteData, Int32 Slen) 位置 E:\Program\ETCG武汉\修正（心跳）\ETCGDemo\Demo\SocketHelper.cs:行号 491
2017/8/16 11:20:55 异常
System.Exception: 客户端无连接..
2017/8/16 11:20:55 异常
System.NullReferenceException: 未将对象引用设置到对象的实例。
   在 ETCF.SocketHelper.TcpClients.SendByteData(Byte[] SendByteData, Int32 Slen) 位置 E:\Program\ETCG武汉\修正（心跳）\ETCGDemo\Demo\SocketHelper.cs:行号 491
2017/8/16 11:20:55 异常
System.Exception: 客户端没有初始化.!
2017/8/16 11:20:55 软件异常
System.Threading.ThreadExceptionEventArgs
2017/8/16 11:21:07 摄像机登录失败
7
2017/8/16 11:21:11 摄像机登录失败
7
2017-08-16 11:21:11 摄像机已检测断开，正在重连
2017/8/16 11:21:14 172.18.212.1:5004异常
System.IO.IOException: 无法从传输连接中读取数据: 您的主机中的软件中止了一个已建立的连接。。 ---> System.Net.Sockets.SocketException: 您的主机中的软件中止了一个已建立的连接。
   在 System.Net.Sockets.Socket.BeginReceive(Byte[] buffer, Int32 offset, Int32 size, SocketFlags socketFlags, AsyncCallback callback, Object state)
   在 System.Net.Sockets.NetworkStream.BeginRead(Byte[] buffer, Int32 offset, Int32 size, AsyncCallback callback, Object state)
   --- 内部异常堆栈跟踪的结尾 ---
   在 System.Net.Sockets.NetworkStream.BeginRead(Byte[] buffer, Int32 offset, Int32 size, AsyncCallback callback, Object state)
   在 ETCF.SocketHelper.TcpClients.EndReader(IAsyncResult ir) 位置 E:\Program\ETCG武汉\修正（心跳）\ETCGDemo\Demo\SocketHelper.cs:行号 545
2017/8/16 11:21:17 异常
System.Exception: 客户端无连接..
2017/8/16 11:21:17 摄像机登录失败
7
2017-08-16 11:21:17 摄像机已检测断开，正在重连
2017/8/16 11:21:20 异常
System.Exception: 客户端无连接..
2017/8/16 11:21:23 异常
System.Exception: 客户端无连接..
2017/8/16 11:21:23 摄像机登录失败
7
2017-08-16 11:21:23 摄像机已检测断开，正在重连
2017/8/16 11:21:23 172.18.212.1:8080异常
System.IO.IOException: 无法从传输连接中读取数据: 无法访问已释放的对象。
对象名:“System.Net.Sockets.Socket”。。 ---> System.ObjectDisposedException: 无法访问已释放的对象。
对象名:“System.Net.Sockets.Socket”。
   在 System.Net.Sockets.Socket.BeginReceive(Byte[] buffer, Int32 offset, Int32 size, SocketFlags socketFlags, SocketError& errorCode, AsyncCallback callback, Object state)
   在 System.Net.Sockets.Socket.BeginReceive(Byte[] buffer, Int32 offset, Int32 size, SocketFlags socketFlags, AsyncCallback callback, Object state)
   在 System.Net.Sockets.NetworkStream.BeginRead(Byte[] buffer, Int32 offset, Int32 size, AsyncCallback callback, Object state)
   --- 内部异常堆栈跟踪的结尾 ---
   在 System.Net.Sockets.NetworkStream.BeginRead(Byte[] buffer, Int32 offset, Int32 size, AsyncCallback callback, Object state)
   在 ETCF.SocketHelper.TcpClients.EndReader(IAsyncResult ir) 位置 E:\Program\ETCG武汉\修正（心跳）\ETCGDemo\Demo\SocketHelper.cs:行号 545
2017/8/16 11:21:24 系统异常
System.UnhandledExceptionEventArgs
2017/8/16 11:22:00 异常
System.Exception: 客户端无连接..
2017/8/16 11:22:00 异常
System.NullReferenceException: 未将对象引用设置到对象的实例。
   在 ETCF.SocketHelper.TcpClients.SendByteData(Byte[] SendByteData, Int32 Slen) 位置 E:\Program\ETCG武汉\修正（心跳）\ETCGDemo\Demo\SocketHelper.cs:行号 491
2017/8/16 11:22:01 系统异常
System.UnhandledExceptionEventArgs
2017/8/16 11:22:02 异常
System.Exception: 客户端无连接..
2017/8/16 11:22:05 异常
System.NullReferenceException: 未将对象引用设置到对象的实例。
   在 ETCF.SocketHelper.TcpClients.SendByteData(Byte[] SendByteData, Int32 Slen) 位置 E:\Program\ETCG武汉\修正（心跳）\ETCGDemo\Demo\SocketHelper.cs:行号 491
2017/8/16 11:22:05 异常
System.Exception: 客户端无连接..
2017/8/16 11:22:05 异常
System.NullReferenceException: 未将对象引用设置到对象的实例。
   在 ETCF.SocketHelper.TcpClients.SendByteData(Byte[] SendByteData, Int32 Slen) 位置 E:\Program\ETCG武汉\修正（心跳）\ETCGDemo\Demo\SocketHelper.cs:行号 491
2017/8/16 11:22:06 系统异常
System.UnhandledExceptionEventArgs
2017/8/16 11:22:09 异常
System.Exception: 客户端无连接..
2017/8/16 11:22:09 异常
System.NullReferenceException: 未将对象引用设置到对象的实例。
   在 ETCF.SocketHelper.TcpClients.SendByteData(Byte[] SendByteData, Int32 Slen) 位置 E:\Program\ETCG武汉\修正（心跳）\ETCGDemo\Demo\SocketHelper.cs:行号 491
2017/8/16 11:22:10 系统异常
System.UnhandledExceptionEventArgs
2017/8/16 11:22:12 异常
System.Exception: 客户端无连接..
2017/8/16 11:22:12 异常
System.NullReferenceException: 未将对象引用设置到对象的实例。
   在 ETCF.SocketHelper.TcpClients.SendByteData(Byte[] SendByteData, Int32 Slen) 位置 E:\Program\ETCG武汉\修正（心跳）\ETCGDemo\Demo\SocketHelper.cs:行号 491
2017/8/16 11:22:12 异常
System.Exception: 客户端没有初始化.!
2017/8/16 11:22:23 软件异常
System.Threading.ThreadExceptionEventArgs
2017/8/16 11:22:23 异常
System.Exception: 客户端无连接..
2017/8/16 11:22:23 系统异常
System.UnhandledExceptionEventArgs
2017/8/16 11:22:23 异常
System.NullReferenceException: 未将对象引用设置到对象的实例。
   在 ETCF.SocketHelper.TcpClients.SendByteData(Byte[] SendByteData, Int32 Slen) 位置 E:\Program\ETCG武汉\修正（心跳）\ETCGDemo\Demo\SocketHelper.cs:行号 491
