2017-08-23 08:41:41 连接摄像机异常
System.DllNotFoundException: 无法加载 DLL“ice_ipcsdk.dll”: 找不到指定的模块。 (异常来自 HRESULT:0x8007007E)。
   在 ETCF.ipcsdk.ICE_IPCSDK_Init()
   在 ETCF.IPCCamera.initIPC(String IPCCameraip) 位置 E:\Program\ETCG武汉\修正（心跳）\ETCGDemo\Demo\CameraInterface\IPCCamera.cs:行号 33
   在 ETCF.FormDemo.FormDemo_Load(Object sender, EventArgs e) 位置 E:\Program\ETCG武汉\修正（心跳）\ETCGDemo\Demo\FormDemo.cs:行号 344
2017/8/23 8:41:42 系统异常
System.UnhandledExceptionEventArgs
2017-08-23 08:43:39 摄像机已检测断开，正在重连
2017-08-23 08:43:42 摄像机已检测断开，正在重连
2017-08-23 08:43:45 摄像机已检测断开，正在重连
2017-08-23 08:43:48 摄像机已检测断开，正在重连
2017-08-23 08:43:51 摄像机已检测断开，正在重连
2017-08-23 08:43:54 摄像机已检测断开，正在重连
2017-08-23 08:43:57 摄像机已检测断开，正在重连
2017-08-23 08:44:00 摄像机已检测断开，正在重连
2017-08-23 08:44:03 摄像机已检测断开，正在重连
2017-08-23 08:44:06 摄像机已检测断开，正在重连
2017-08-23 08:44:09 摄像机已检测断开，正在重连
2017-08-23 08:44:12 摄像机已检测断开，正在重连
2017-08-23 08:44:15 摄像机已检测断开，正在重连
2017-08-23 08:44:18 摄像机已检测断开，正在重连
2017-08-23 08:44:21 摄像机已检测断开，正在重连
2017-08-23 08:44:24 摄像机已检测断开，正在重连
2017-08-23 08:44:27 摄像机已检测断开，正在重连
2017-08-23 08:44:30 摄像机已检测断开，正在重连
2017-08-23 08:44:33 摄像机已检测断开，正在重连
2017-08-23 08:44:36 摄像机已检测断开，正在重连
2017-08-23 08:44:39 摄像机已检测断开，正在重连
2017-08-23 08:44:42 摄像机已检测断开，正在重连
2017-08-23 08:44:45 摄像机已检测断开，正在重连
2017-08-23 08:44:48 摄像机已检测断开，正在重连
2017-08-23 08:44:51 摄像机已检测断开，正在重连
2017-08-23 08:44:54 摄像机已检测断开，正在重连
2017-08-23 08:44:57 摄像机已检测断开，正在重连
2017-08-23 08:45:00 摄像机已检测断开，正在重连
2017-08-23 08:45:03 摄像机已检测断开，正在重连
2017-08-23 08:45:06 摄像机已检测断开，正在重连
2017-08-23 08:45:09 摄像机已检测断开，正在重连
2017-08-23 08:45:12 摄像机已检测断开，正在重连
2017-08-23 08:45:15 摄像机已检测断开，正在重连
2017-08-23 08:45:18 摄像机已检测断开，正在重连
2017-08-23 08:45:21 摄像机已检测断开，正在重连
2017-08-23 08:45:24 摄像机已检测断开，正在重连
2017-08-23 08:45:27 摄像机已检测断开，正在重连
2017-08-23 08:45:30 摄像机已检测断开，正在重连
2017-08-23 08:45:33 摄像机已检测断开，正在重连
2017-08-23 08:45:36 摄像机已检测断开，正在重连
2017-08-23 08:45:39 摄像机已检测断开，正在重连
2017-08-23 08:45:42 摄像机已检测断开，正在重连
2017-08-23 08:45:45 摄像机已检测断开，正在重连
2017-08-23 08:45:48 摄像机已检测断开，正在重连
2017-08-23 08:45:51 摄像机已检测断开，正在重连
2017-08-23 08:45:54 摄像机已检测断开，正在重连
2017-08-23 08:45:57 摄像机已检测断开，正在重连
2017-08-23 08:46:00 摄像机已检测断开，正在重连
2017-08-23 08:46:03 摄像机已检测断开，正在重连
2017-08-23 08:46:06 摄像机已检测断开，正在重连
2017-08-23 08:46:09 摄像机已检测断开，正在重连
2017-08-23 08:46:19 摄像机已检测断开，正在重连
2017-08-23 08:46:22 摄像机已检测断开，正在重连
2017-08-23 08:46:25 摄像机已检测断开，正在重连
2017-08-23 08:46:28 摄像机已检测断开，正在重连
2017-08-23 08:46:31 摄像机已检测断开，正在重连
2017-08-23 08:46:34 摄像机已检测断开，正在重连
2017-08-23 08:46:34 激光控制器已检测断开，正在重连
2017/8/23 8:46:34 172.18.212.1:5004异常
System.IO.IOException: 无法从传输连接中读取数据: 无法访问已释放的对象。
对象名:“System.Net.Sockets.Socket”。。 ---> System.ObjectDisposedException: 无法访问已释放的对象。
对象名:“System.Net.Sockets.Socket”。
   在 System.Net.Sockets.Socket.EndReceive(IAsyncResult asyncResult, SocketError& errorCode)
   在 System.Net.Sockets.Socket.EndReceive(IAsyncResult asyncResult)
   在 System.Net.Sockets.NetworkStream.EndRead(IAsyncResult asyncResult)
   --- 内部异常堆栈跟踪的结尾 ---
   在 System.Net.Sockets.NetworkStream.EndRead(IAsyncResult asyncResult)
   在 ETCF.SocketHelper.TcpClients.EndReader(IAsyncResult ir) 位置 E:\Program\ETCG武汉\修正（心跳）\ETCGDemo\Demo\SocketHelper.cs:行号 552
2017-08-23 08:46:37 摄像机已检测断开，正在重连
2017-08-23 08:46:37 天线控制器已检测断开，正在重连
2017-08-23 08:46:40 摄像机已检测断开，正在重连
2017-08-23 08:46:43 摄像机已检测断开，正在重连
2017-08-23 08:46:46 摄像机已检测断开，正在重连
2017-08-23 08:46:49 摄像机已检测断开，正在重连
2017-08-23 08:46:49 天线控制器已检测断开，正在重连
2017-08-23 08:46:49 激光控制器已检测断开，正在重连
2017-08-23 08:46:52 摄像机已检测断开，正在重连
2017-08-23 08:47:01 摄像机已检测断开，正在重连
2017-08-23 08:47:04 摄像机已检测断开，正在重连
2017-08-23 08:47:12 摄像机已检测断开，正在重连
2017-08-23 08:47:45 摄像机已检测断开，正在重连
2017-08-23 08:47:49 摄像机已检测断开，正在重连
2017-08-23 08:47:52 摄像机已检测断开，正在重连
2017-08-23 08:47:55 摄像机已检测断开，正在重连
2017-08-23 08:47:58 摄像机已检测断开，正在重连
2017-08-23 08:48:01 摄像机已检测断开，正在重连
2017-08-23 08:48:01 天线控制器已检测断开，正在重连
2017-08-23 08:48:01 激光控制器已检测断开，正在重连
2017-08-23 08:48:04 摄像机已检测断开，正在重连
2017-08-23 08:48:07 摄像机已检测断开，正在重连
2017-08-23 08:48:10 摄像机已检测断开，正在重连
2017-08-23 08:48:13 摄像机已检测断开，正在重连
2017-08-23 08:48:16 摄像机已检测断开，正在重连
2017-08-23 08:48:16 天线控制器已检测断开，正在重连
2017-08-23 08:48:19 摄像机已检测断开，正在重连
2017-08-23 08:48:22 摄像机已检测断开，正在重连
2017-08-23 08:48:25 摄像机已检测断开，正在重连
2017-08-23 08:48:28 摄像机已检测断开，正在重连
2017-08-23 08:48:28 激光控制器已检测断开，正在重连
2017-08-23 08:48:31 摄像机已检测断开，正在重连
2017-08-23 08:48:31 天线控制器已检测断开，正在重连
2017-08-23 08:48:34 摄像机已检测断开，正在重连
2017-08-23 08:48:37 摄像机已检测断开，正在重连
2017-08-23 08:48:40 摄像机已检测断开，正在重连
2017-08-23 08:48:43 摄像机已检测断开，正在重连
2017-08-23 08:48:43 激光控制器已检测断开，正在重连
2017-08-23 08:48:46 摄像机已检测断开，正在重连
2017-08-23 08:48:46 天线控制器已检测断开，正在重连
2017-08-23 08:48:49 摄像机已检测断开，正在重连
2017-08-23 08:48:52 摄像机已检测断开，正在重连
2017-08-23 08:48:55 摄像机已检测断开，正在重连
2017-08-23 08:48:58 摄像机已检测断开，正在重连
2017-08-23 08:49:01 摄像机已检测断开，正在重连
2017-08-23 08:49:04 摄像机已检测断开，正在重连
2017-08-23 08:49:07 摄像机已检测断开，正在重连
2017-08-23 08:49:10 摄像机已检测断开，正在重连
2017-08-23 08:49:13 摄像机已检测断开，正在重连
2017-08-23 08:49:16 摄像机已检测断开，正在重连
2017-08-23 08:49:19 摄像机已检测断开，正在重连
2017-08-23 08:49:22 摄像机已检测断开，正在重连
2017-08-23 08:49:25 摄像机已检测断开，正在重连
2017-08-23 08:49:28 摄像机已检测断开，正在重连
2017-08-23 08:49:31 摄像机已检测断开，正在重连
2017-08-23 08:49:34 摄像机已检测断开，正在重连
2017-08-23 08:49:37 摄像机已检测断开，正在重连
2017-08-23 08:49:40 摄像机已检测断开，正在重连
2017-08-23 08:49:43 摄像机已检测断开，正在重连
2017-08-23 08:49:46 摄像机已检测断开，正在重连
2017-08-23 08:49:49 摄像机已检测断开，正在重连
2017-08-23 08:49:52 摄像机已检测断开，正在重连
2017-08-23 08:49:55 摄像机已检测断开，正在重连
2017-08-23 08:49:58 摄像机已检测断开，正在重连
2017-08-23 08:50:01 摄像机已检测断开，正在重连
2017-08-23 08:50:04 摄像机已检测断开，正在重连
2017-08-23 08:50:07 摄像机已检测断开，正在重连
2017-08-23 08:50:10 摄像机已检测断开，正在重连
2017-08-23 08:50:13 摄像机已检测断开，正在重连
2017-08-23 08:50:16 摄像机已检测断开，正在重连
2017-08-23 08:50:19 摄像机已检测断开，正在重连
2017-08-23 08:50:22 摄像机已检测断开，正在重连
2017-08-23 08:50:25 摄像机已检测断开，正在重连
2017-08-23 08:50:28 摄像机已检测断开，正在重连
2017/8/23 9:08:47 软件异常
System.Threading.ThreadExceptionEventArgs
2017/8/23 9:08:57 系统异常
System.UnhandledExceptionEventArgs
2017-08-23 09:08:58 摄像机已检测断开，正在重连
2017-08-23 09:09:46 摄像机已检测断开，正在重连
2017/8/23 9:09:46 172.18.212.1:8080异常
System.NullReferenceException: 未将对象引用设置到对象的实例。
   在 ETCF.SocketHelper.TcpClients.EndReader(IAsyncResult ir) 位置 E:\Program\ETCG武汉\修正（心跳）\ETCGDemo\Demo\SocketHelper.cs:行号 553
2017/8/23 9:09:46 172.18.212.1:5004异常
System.NullReferenceException: 未将对象引用设置到对象的实例。
   在 ETCF.SocketHelper.TcpClients.EndReader(IAsyncResult ir) 位置 E:\Program\ETCG武汉\修正（心跳）\ETCGDemo\Demo\SocketHelper.cs:行号 553
2017-08-23 09:09:49 摄像机已检测断开，正在重连
2017-08-23 09:09:52 摄像机已检测断开，正在重连
2017-08-23 09:09:55 摄像机已检测断开，正在重连
2017-08-23 09:09:58 摄像机已检测断开，正在重连
2017-08-23 09:09:58 天线控制器已检测断开，正在重连
2017-08-23 09:09:58 激光控制器已检测断开，正在重连
2017-08-23 09:10:01 摄像机已检测断开，正在重连
2017-08-23 09:10:04 摄像机已检测断开，正在重连
2017-08-23 09:10:07 摄像机已检测断开，正在重连
2017-08-23 09:10:10 摄像机已检测断开，正在重连
2017/8/23 9:11:23 系统异常
System.UnhandledExceptionEventArgs
2017/8/23 9:11:23 系统异常
System.UnhandledExceptionEventArgs
2017-08-23 09:11:23 摄像机已检测断开，正在重连
2017-08-23 09:12:03 摄像机已检测断开，正在重连
2017/8/23 9:12:06 172.18.212.1:8080异常
System.NullReferenceException: 未将对象引用设置到对象的实例。
   在 ETCF.SocketHelper.TcpClients.EndReader(IAsyncResult ir) 位置 E:\Program\ETCG武汉\修正（心跳）\ETCGDemo\Demo\SocketHelper.cs:行号 553
2017/8/23 9:12:06 172.18.212.1:5004异常
System.NullReferenceException: 未将对象引用设置到对象的实例。
   在 ETCF.SocketHelper.TcpClients.EndReader(IAsyncResult ir) 位置 E:\Program\ETCG武汉\修正（心跳）\ETCGDemo\Demo\SocketHelper.cs:行号 553
2017-08-23 09:12:08 摄像机已检测断开，正在重连
2017-08-23 09:12:39 摄像机已检测断开，正在重连
2017-08-23 09:12:42 摄像机已检测断开，正在重连
